2021-10-26 10:09:26,394 - instabot version: 0.117.0 (bot) - INFO - Instabot version: 0.117.0 Started
2021-10-26 10:09:26,394 - instabot version: 0.117.0 (bot) - DEBUG - Bot imported from C:\Users\crazi\Desktop\appPrograms\python3.7.4\lib\site-packages\instabot\bot\bot.py
2021-10-26 10:10:17,734 - instabot version: 0.117.0 (api_login) - INFO - Not yet logged in starting: PRE-LOGIN FLOW!
2021-10-26 10:10:18,756 - instabot version: 0.117.0 (api) - DEBUG - POST to endpoint: accounts/get_prefill_candidates/ returned response: <Response [200]>
2021-10-26 10:10:19,377 - instabot version: 0.117.0 (api) - DEBUG - POST to endpoint: qe/sync/ returned response: <Response [200]>
2021-10-26 10:10:20,096 - instabot version: 0.117.0 (api) - DEBUG - POST to endpoint: launcher/sync/ returned response: <Response [200]>
2021-10-26 10:10:21,009 - instabot version: 0.117.0 (api) - DEBUG - POST to endpoint: accounts/contact_point_prefill/ returned response: <Response [200]>
2021-10-26 10:10:26,130 - instabot version: 0.117.0 (api) - DEBUG - POST to endpoint: accounts/login/ returned response: <Response [200]>
2021-10-26 10:10:26,130 - instabot version: 0.117.0 (api) - INFO - Logged-in successfully as 'craziness_speaks'!
2021-10-26 10:10:26,130 - instabot version: 0.117.0 (api_login) - INFO - LOGIN FLOW! Just logged-in: True
2021-10-26 10:10:26,859 - instabot version: 0.117.0 (api) - DEBUG - POST to endpoint: qe/sync/ returned response: <Response [200]>
2021-10-26 10:10:27,664 - instabot version: 0.117.0 (api) - DEBUG - POST to endpoint: launcher/sync/ returned response: <Response [200]>
2021-10-26 10:10:28,245 - instabot version: 0.117.0 (api) - DEBUG - GET to endpoint: zr/token/result/?device_id=android-104a8532e3074c7f&token_hash=&custom_device_id=android-104a8532e3074c7f&fetch_reason=token_expired returned response: <Response [200]>
2021-10-26 10:10:28,754 - instabot version: 0.117.0 (api) - DEBUG - GET to endpoint: multiple_accounts/get_account_family/ returned response: <Response [200]>
2021-10-26 10:10:29,384 - instabot version: 0.117.0 (api) - DEBUG - POST to endpoint: qe/sync/ returned response: <Response [200]>
2021-10-26 10:10:30,680 - instabot version: 0.117.0 (api) - DEBUG - GET to endpoint: igtv/browse_feed/?prefetch=1 returned response: <Response [200]>
2021-10-26 10:10:31,266 - instabot version: 0.117.0 (api) - DEBUG - POST to endpoint: creatives/ar_class/ returned response: <Response [200]>
2021-10-26 10:10:32,733 - instabot version: 0.117.0 (api) - DEBUG - POST to endpoint: feed/reels_tray/ returned response: <Response [200]>
2021-10-26 10:10:36,894 - instabot version: 0.117.0 (api) - DEBUG - POST to endpoint: feed/timeline/ returned response: <Response [200]>
2021-10-26 10:10:37,705 - instabot version: 0.117.0 (api) - DEBUG - GET to endpoint: media/blocked/ returned response: <Response [200]>
2021-10-26 10:10:39,046 - instabot version: 0.117.0 (api) - DEBUG - GET to endpoint: news/inbox/ returned response: <Response [200]>
2021-10-26 10:10:39,587 - instabot version: 0.117.0 (api) - DEBUG - GET to endpoint: loom/fetch_config/ returned response: <Response [200]>
2021-10-26 10:10:40,156 - instabot version: 0.117.0 (api) - DEBUG - GET to endpoint: scores/bootstrap/users/?surfaces=["autocomplete_user_list","coefficient_besties_list_ranking","coefficient_rank_recipient_user_suggestion","coefficient_ios_section_test_bootstrap_ranking","coefficient_direct_recipients_ranking_variant_2"] returned response: <Response [200]>
2021-10-26 10:10:40,692 - instabot version: 0.117.0 (api) - DEBUG - GET to endpoint: business/eligibility/get_monetization_products_eligibility_data/?product_types=branded_content returned response: <Response [200]>
2021-10-26 10:10:41,168 - instabot version: 0.117.0 (api) - DEBUG - GET to endpoint: business/branded_content/should_require_professional_account/ returned response: <Response [200]>
2021-10-26 10:10:41,674 - instabot version: 0.117.0 (api) - DEBUG - GET to endpoint: linked_accounts/get_linkage_status/ returned response: <Response [200]>
2021-10-26 10:10:42,188 - instabot version: 0.117.0 (api) - DEBUG - GET to endpoint: locations/request_country/ returned response: <Response [200]>
2021-10-26 10:10:42,682 - instabot version: 0.117.0 (api) - DEBUG - GET to endpoint: qp/get_cooldowns/?signed_body=signed_body=4b9c516a5410a3bc128e09c6104a7f042146b9c2023870560c63a43a7f66781c.4&ig_sig_key_version=4&ig_sig_key_version=4 returned response: <Response [200]>
2021-10-26 10:10:43,201 - instabot version: 0.117.0 (api) - DEBUG - GET to endpoint: users/arlink_download_info/?version_override=2.2.1 returned response: <Response [200]>
2021-10-26 10:10:43,885 - instabot version: 0.117.0 (api) - DEBUG - GET to endpoint: users/19292401629/info/ returned response: <Response [200]>
2021-10-26 10:10:44,813 - instabot version: 0.117.0 (api) - DEBUG - GET to endpoint: direct_v2/get_presence/ returned response: <Response [200]>
2021-10-26 10:10:45,673 - instabot version: 0.117.0 (api) - DEBUG - GET to endpoint: direct_v2/inbox/?visual_message_return_type=unseen&thread_message_limit=10&persistentBadging=true&limit=20 returned response: <Response [200]>
2021-10-26 10:10:46,207 - instabot version: 0.117.0 (api) - DEBUG - GET to endpoint: direct_v2/inbox/?visual_message_return_type=unseen&persistentBadging=true&limit=0 returned response: <Response [200]>
2021-10-26 10:10:48,555 - instabot version: 0.117.0 (api) - DEBUG - GET to endpoint: discover/topical_explore/?is_prefetch=true&omit_cover_media=true&use_sectional_payload=true&timezone_offset=0&session_id=55fbdbe6-9148-45dd-b29f-7abbcce4f1c0&include_fixed_destinations=true returned response: <Response [200]>
2021-10-26 10:10:49,273 - instabot version: 0.117.0 (api) - DEBUG - POST to endpoint: notifications/badge/ returned response: <Response [200]>
2021-10-26 10:10:50,120 - instabot version: 0.117.0 (api) - DEBUG - POST to endpoint: qp/batch_fetch/ returned response: <Response [200]>
2021-10-26 10:10:50,120 - instabot version: 0.117.0 (bot_checkpoint) - DEBUG - Loading Checkpoint file from: C:\Users\crazi\Desktop\myprograms\Pycharm Projects\Pycharm Projects/config/craziness_speaks.checkpoint
2021-10-26 10:10:50,687 - instabot version: 0.117.0 (api) - DEBUG - GET to endpoint: users/dazzling_tanmai/usernameinfo/ returned response: <Response [200]>
2021-10-26 10:10:56,696 - instabot version: 0.117.0 (api) - DEBUG - GET to endpoint: users/8027142704/info/ returned response: <Response [200]>
2021-10-26 10:10:57,248 - instabot version: 0.117.0 (api) - DEBUG - GET to endpoint: friendships/8027142704/following/?max_id=&ig_sig_key_version=4&rank_token=19292401629_e11efc25-ba5f-4c3a-9e30-f742cb42e777 returned response: <Response [200]>
2021-10-26 10:10:57,248 - instabot version: 0.117.0 (bot_checkpoint) - DEBUG - Saving Checkpoint file to: C:\Users\crazi\Desktop\myprograms\Pycharm Projects\Pycharm Projects/config/craziness_speaks.checkpoint
2021-10-26 10:10:57,262 - instabot version: 0.117.0 (bot) - INFO - Total requests: 34
