2021-10-26 10:43:03,107 - instabot version: 0.117.0 (bot) - INFO - Instabot version: 0.117.0 Started
2021-10-26 10:43:03,107 - instabot version: 0.117.0 (bot) - DEBUG - Bot imported from C:\Users\crazi\Desktop\appPrograms\python3.7.4\lib\site-packages\instabot\bot\bot.py
2021-10-26 10:43:05,766 - instabot version: 0.117.0 (api_login) - DEBUG - Loading cookies
2021-10-26 10:43:05,766 - instabot version: 0.117.0 (api_login) - DEBUG - Loading uuids
2021-10-26 10:43:05,766 - instabot version: 0.117.0 (api_login) - INFO - Recovery from C:\Users\crazi\Desktop\myprograms\Pycharm Projects\Pycharm Projects/config/craziness_speaks_uuid_and_cookie.json: COOKIE True - UUIDs True - TIMING, DEVICE and ...
- user-agent=Instagram 117.0.0.28.123 Android (28/9.0; 420dpi; 1080x1920; OnePlus; ONEPLUS A3003; OnePlus3; qcom; en_US; 180322800)
- phone_id=93f31c01-0718-4543-a5be-b27e73603b4f
- uuid=e11efc25-ba5f-4c3a-9e30-f742cb42e777
- client_session_id=55fbdbe6-9148-45dd-b29f-7abbcce4f1c0
- device_id=android-104a8532e3074c7f
2021-10-26 10:43:05,770 - instabot version: 0.117.0 (api_login) - INFO - LOGIN FLOW! Just logged-in: False
2021-10-26 10:43:06,805 - instabot version: 0.117.0 (api) - DEBUG - POST to endpoint: feed/timeline/ returned response: <Response [403]>
2021-10-26 10:43:06,805 - instabot version: 0.117.0 (api) - DEBUG - Responsecode indicates error; response content: b'{"message":"login_required","error_title":"You\'ve Been Logged Out","error_body":"Please log back in.","logout_reason":8,"status":"fail"}'
2021-10-26 10:43:06,805 - instabot version: 0.117.0 (api) - ERROR - Request returns 403 error!
2021-10-26 10:43:07,522 - instabot version: 0.117.0 (api) - DEBUG - POST to endpoint: feed/reels_tray/ returned response: <Response [403]>
2021-10-26 10:43:07,522 - instabot version: 0.117.0 (api) - DEBUG - Responsecode indicates error; response content: b'{"message":"login_required","error_title":"You\'ve Been Logged Out","error_body":"Please log back in.","logout_reason":8,"status":"fail"}'
2021-10-26 10:43:07,522 - instabot version: 0.117.0 (api) - ERROR - Request returns 403 error!
2021-10-26 10:43:07,528 - instabot version: 0.117.0 (api) - INFO - Login flow failed, the cookie is broken. Relogin again.
2021-10-26 10:43:07,546 - instabot version: 0.117.0 (api_login) - DEBUG - Loading cookies
2021-10-26 10:43:07,546 - instabot version: 0.117.0 (api_login) - DEBUG - Loading uuids
2021-10-26 10:43:07,546 - instabot version: 0.117.0 (api_login) - INFO - Recovery from C:\Users\crazi\Desktop\myprograms\Pycharm Projects\Pycharm Projects/config/craziness_speaks_uuid_and_cookie.json: COOKIE True - UUIDs True - TIMING, DEVICE and ...
- user-agent=Instagram 117.0.0.28.123 Android (28/9.0; 420dpi; 1080x1920; OnePlus; ONEPLUS A3003; OnePlus3; qcom; en_US; 180322800)
- phone_id=93f31c01-0718-4543-a5be-b27e73603b4f
- uuid=e11efc25-ba5f-4c3a-9e30-f742cb42e777
- client_session_id=55fbdbe6-9148-45dd-b29f-7abbcce4f1c0
- device_id=android-104a8532e3074c7f
2021-10-26 10:43:07,546 - instabot version: 0.117.0 (api_login) - INFO - Not yet logged in starting: PRE-LOGIN FLOW!
2021-10-26 10:43:08,291 - instabot version: 0.117.0 (api) - DEBUG - POST to endpoint: accounts/get_prefill_candidates/ returned response: <Response [403]>
2021-10-26 10:43:08,291 - instabot version: 0.117.0 (api) - DEBUG - Responsecode indicates error; response content: b'{"message":"login_required","error_title":"You\'ve Been Logged Out","error_body":"Please log back in.","logout_reason":8,"status":"fail"}'
2021-10-26 10:43:08,291 - instabot version: 0.117.0 (api) - ERROR - Request returns 403 error!
2021-10-26 10:43:08,874 - instabot version: 0.117.0 (api) - DEBUG - POST to endpoint: qe/sync/ returned response: <Response [200]>
2021-10-26 10:43:09,455 - instabot version: 0.117.0 (api) - DEBUG - POST to endpoint: launcher/sync/ returned response: <Response [200]>
2021-10-26 10:43:10,015 - instabot version: 0.117.0 (api) - DEBUG - POST to endpoint: accounts/contact_point_prefill/ returned response: <Response [200]>
2021-10-26 10:43:12,122 - instabot version: 0.117.0 (api) - DEBUG - POST to endpoint: accounts/login/ returned response: <Response [200]>
2021-10-26 10:43:12,122 - instabot version: 0.117.0 (api) - INFO - Logged-in successfully as 'craziness_speaks'!
2021-10-26 10:43:12,138 - instabot version: 0.117.0 (api_login) - INFO - LOGIN FLOW! Just logged-in: True
2021-10-26 10:43:12,747 - instabot version: 0.117.0 (api) - DEBUG - POST to endpoint: qe/sync/ returned response: <Response [200]>
2021-10-26 10:43:13,459 - instabot version: 0.117.0 (api) - DEBUG - POST to endpoint: launcher/sync/ returned response: <Response [200]>
2021-10-26 10:43:14,071 - instabot version: 0.117.0 (api) - DEBUG - GET to endpoint: zr/token/result/?device_id=android-104a8532e3074c7f&token_hash=&custom_device_id=android-104a8532e3074c7f&fetch_reason=token_expired returned response: <Response [200]>
2021-10-26 10:43:14,546 - instabot version: 0.117.0 (api) - DEBUG - GET to endpoint: multiple_accounts/get_account_family/ returned response: <Response [200]>
2021-10-26 10:43:15,063 - instabot version: 0.117.0 (api) - DEBUG - POST to endpoint: qe/sync/ returned response: <Response [200]>
2021-10-26 10:43:15,905 - instabot version: 0.117.0 (api) - DEBUG - GET to endpoint: igtv/browse_feed/?prefetch=1 returned response: <Response [200]>
2021-10-26 10:43:16,527 - instabot version: 0.117.0 (api) - DEBUG - POST to endpoint: creatives/ar_class/ returned response: <Response [200]>
2021-10-26 10:43:17,665 - instabot version: 0.117.0 (api) - DEBUG - POST to endpoint: feed/reels_tray/ returned response: <Response [200]>
2021-10-26 10:43:19,087 - instabot version: 0.117.0 (api) - DEBUG - POST to endpoint: feed/timeline/ returned response: <Response [200]>
2021-10-26 10:43:19,550 - instabot version: 0.117.0 (api) - DEBUG - GET to endpoint: media/blocked/ returned response: <Response [200]>
2021-10-26 10:43:20,566 - instabot version: 0.117.0 (api) - DEBUG - GET to endpoint: news/inbox/ returned response: <Response [200]>
2021-10-26 10:43:21,116 - instabot version: 0.117.0 (api) - DEBUG - GET to endpoint: loom/fetch_config/ returned response: <Response [200]>
2021-10-26 10:43:21,689 - instabot version: 0.117.0 (api) - DEBUG - GET to endpoint: scores/bootstrap/users/?surfaces=["autocomplete_user_list","coefficient_besties_list_ranking","coefficient_rank_recipient_user_suggestion","coefficient_ios_section_test_bootstrap_ranking","coefficient_direct_recipients_ranking_variant_2"] returned response: <Response [200]>
2021-10-26 10:43:22,198 - instabot version: 0.117.0 (api) - DEBUG - GET to endpoint: business/eligibility/get_monetization_products_eligibility_data/?product_types=branded_content returned response: <Response [200]>
2021-10-26 10:43:22,725 - instabot version: 0.117.0 (api) - DEBUG - GET to endpoint: business/branded_content/should_require_professional_account/ returned response: <Response [200]>
2021-10-26 10:43:23,185 - instabot version: 0.117.0 (api) - DEBUG - GET to endpoint: linked_accounts/get_linkage_status/ returned response: <Response [200]>
2021-10-26 10:43:23,751 - instabot version: 0.117.0 (api) - DEBUG - GET to endpoint: locations/request_country/ returned response: <Response [200]>
2021-10-26 10:43:24,262 - instabot version: 0.117.0 (api) - DEBUG - GET to endpoint: qp/get_cooldowns/?signed_body=signed_body=4b9c516a5410a3bc128e09c6104a7f042146b9c2023870560c63a43a7f66781c.4&ig_sig_key_version=4&ig_sig_key_version=4 returned response: <Response [200]>
2021-10-26 10:43:24,781 - instabot version: 0.117.0 (api) - DEBUG - GET to endpoint: users/arlink_download_info/?version_override=2.2.1 returned response: <Response [200]>
2021-10-26 10:43:25,351 - instabot version: 0.117.0 (api) - DEBUG - GET to endpoint: users/19292401629/info/ returned response: <Response [200]>
2021-10-26 10:43:26,142 - instabot version: 0.117.0 (api) - DEBUG - GET to endpoint: direct_v2/get_presence/ returned response: <Response [200]>
2021-10-26 10:43:27,172 - instabot version: 0.117.0 (api) - DEBUG - GET to endpoint: direct_v2/inbox/?visual_message_return_type=unseen&thread_message_limit=10&persistentBadging=true&limit=20 returned response: <Response [200]>
2021-10-26 10:43:27,992 - instabot version: 0.117.0 (api) - DEBUG - GET to endpoint: direct_v2/inbox/?visual_message_return_type=unseen&persistentBadging=true&limit=0 returned response: <Response [200]>
2021-10-26 10:43:28,722 - instabot version: 0.117.0 (api) - DEBUG - GET to endpoint: discover/topical_explore/?is_prefetch=true&omit_cover_media=true&use_sectional_payload=true&timezone_offset=0&session_id=55fbdbe6-9148-45dd-b29f-7abbcce4f1c0&include_fixed_destinations=true returned response: <Response [200]>
2021-10-26 10:43:29,305 - instabot version: 0.117.0 (api) - DEBUG - POST to endpoint: notifications/badge/ returned response: <Response [200]>
2021-10-26 10:43:29,871 - instabot version: 0.117.0 (api) - DEBUG - POST to endpoint: qp/batch_fetch/ returned response: <Response [200]>
2021-10-26 10:43:29,871 - instabot version: 0.117.0 (bot_checkpoint) - DEBUG - Loading Checkpoint file from: C:\Users\crazi\Desktop\myprograms\Pycharm Projects\Pycharm Projects/config/craziness_speaks.checkpoint
2021-10-26 10:43:30,421 - instabot version: 0.117.0 (api) - DEBUG - GET to endpoint: users/dazzling_tanmai/usernameinfo/ returned response: <Response [200]>
2021-10-26 10:43:32,168 - instabot version: 0.117.0 (api) - DEBUG - GET to endpoint: users/8027142704/info/ returned response: <Response [200]>
2021-10-26 10:43:32,257 - instabot version: 0.117.0 (bot_checkpoint) - DEBUG - Saving Checkpoint file to: C:\Users\crazi\Desktop\myprograms\Pycharm Projects\Pycharm Projects/config/craziness_speaks.checkpoint
2021-10-26 10:43:32,265 - instabot version: 0.117.0 (bot) - INFO - Total requests: 40
